<?xml version="1.0" encoding="UTF-8"?>
<testng-results ignored="0" total="1" passed="1" failed="0" skipped="0">
  <reporter-output>
  </reporter-output>
  <suite started-at="2024-12-14T00:11:59 IST" name="Reports Test Suite" finished-at="2024-12-14T00:12:04 IST" duration-ms="5211">
    <groups>
    </groups>
    <test started-at="2024-12-14T00:11:59 IST" name="Reports Test" finished-at="2024-12-14T00:12:04 IST" duration-ms="5211">
      <class name="Tests.LoginPageTest">
        <test-method is-config="true" signature="driverIntialization()[pri:0, instance:Tests.LoginPageTest@5d99c6b5]" started-at="2024-12-14T00:11:59 IST" name="driverIntialization" finished-at="2024-12-14T00:12:03 IST" duration-ms="3516" status="PASS">
          <reporter-output>
          </reporter-output>
        </test-method> <!-- driverIntialization -->
        <test-method signature="Test()[pri:0, instance:Tests.LoginPageTest@5d99c6b5]" started-at="2024-12-14T00:12:03 IST" name="Test" finished-at="2024-12-14T00:12:03 IST" duration-ms="539" status="PASS">
          <reporter-output>
          </reporter-output>
        </test-method> <!-- Test -->
        <test-method is-config="true" signature="quit()[pri:0, instance:Tests.LoginPageTest@5d99c6b5]" started-at="2024-12-14T00:12:03 IST" name="quit" finished-at="2024-12-14T00:12:04 IST" duration-ms="763" status="PASS">
          <reporter-output>
          </reporter-output>
        </test-method> <!-- quit -->
      </class> <!-- Tests.LoginPageTest -->
    </test> <!-- Reports Test -->
  </suite> <!-- Reports Test Suite -->
</testng-results>
